16897125587	周伟业
14447898241	林子明
17938008730	庄静丽
16941635290	陈小婷
16703630552	张杨平
14155623990	武冠轩
16139981691	周泉江
16630771505	余炜鹏
17428915648	张灿云
17075423979	许伟谊
13462269791	郭锦贤
18769105359	朱泽亮
16886197458	吴羽静
14436513145	张铉
19573521135	蔡迪全
19161312597	林炎秀
15191302006	梁梦怡
15053292501	刁慧彬
18533461407	陈增宏
14249718905	刘瑞雄
17563395612	刘俊声
16755654707	陈学斌
18169787520	王纯淇
19077627950	梁绍荣
16433655567	梁成鑫
13749986274	廖庭康
17189992777	张华扬
15676591145	熊欢
16037345045	马晓华
19519265718	梁夏天
17186852432	叶学斌
19743837116	麦亮森
16459563591	陈文创
15415398428	苏日锐
17264143744	庄海富
15625939852	黄宇康
16509411758	张铭
16427232559	杨晴晴
16164672204	姚能燕
14366915156	陈培凤
15648303641	杜国仲
16688846049	黄俊轩
13117618672	邓伟键
13369602622	叶钦帅
19577715303	何俊霖
13723070924	文嘉星
13599584947	王程锋
18166416574	邹子庆
18792826687	邓校君
18369204109	杨君胜
18304040031	陈煜
14488071984	罗锦坚
16326064873	黄锦晖
14473791615	吴文悦
13074715563	李伟豪
17583213006	李亮蓉
16239836654	邱泽松
14376715542	杨建民
16980765064	杨泳志
